<?xml version="1.0" encoding="UTF-8"?>
<!-- Generated by org.testng.reporters.JUnitReportReporter -->
<testsuite hostname="Fatihs-iMac.local" failures="0" tests="5" name="com.test.invocationCountTest" time="0.011" errors="0" timestamp="2020-11-24T17:50:04 CST" skipped="0">
  <testcase classname="com.test.invocationCountTest" name="sum" time="0.003"/>
  <testcase classname="com.test.invocationCountTest" name="sum" time="0.002"/>
  <testcase classname="com.test.invocationCountTest" name="sum" time="0.003"/>
  <testcase classname="com.test.invocationCountTest" name="sum" time="0.002"/>
  <testcase classname="com.test.invocationCountTest" name="sum" time="0.001"/>
</testsuite> <!-- com.test.invocationCountTest -->
