<?xml version="1.0" encoding="UTF-8"?>
<!-- Generated by org.testng.reporters.JUnitReportReporter -->
<testsuite hostname="Fatihs-iMac.local" failures="0" tests="1" name="com.test.YahooTest" time="3.826" errors="0" timestamp="2020-11-24T19:00:10 CST" skipped="0">
  <testcase classname="com.test.YahooTest" name="yahooTest" time="3.826"/>
</testsuite> <!-- com.test.YahooTest -->
