<?xml version="1.0" encoding="UTF-8"?>
<!-- Generated by org.testng.reporters.JUnitReportReporter -->
<testsuite hostname="Fatihs-iMac.local" failures="0" tests="3" name="com.test.TestNgBasics" time="0.010" errors="0" timestamp="2020-11-24T17:50:04 CST" skipped="0">
  <testcase classname="com.test.TestNgBasics" name="googleLogotest" time="0.002"/>
  <testcase classname="com.test.TestNgBasics" name="googleTitle" time="0.004"/>
  <testcase classname="com.test.TestNgBasics" name="searchTest" time="0.004"/>
</testsuite> <!-- com.test.TestNgBasics -->
