<?xml version="1.0" encoding="UTF-8"?>
<!-- Generated by org.testng.reporters.JUnitReportReporter -->
<testsuite hostname="Fatihs-iMac.local" failures="0" tests="2" name="com.test.exceptionTimeOutTest" time="0.024" errors="0" timestamp="2020-11-24T17:50:04 CST" skipped="0">
  <testcase classname="com.test.exceptionTimeOutTest" name="expectedException" time="0.009"/>
  <testcase classname="com.test.exceptionTimeOutTest" name="loopTest" time="0.015"/>
</testsuite> <!-- com.test.exceptionTimeOutTest -->
